Error log started at 2025-04-20T19:27:17.584130
----------------------------------------
Detected columns: FL_DATE, AIRLINE, AIRLINE_DOT, AIRLINE_CODE, DOT_CODE, FL_NUMBER, ORIGIN, ORIGIN_CITY, DEST, DEST_CITY, CRS_DEP_TIME, DEP_TIME, DEP_DELAY, TAXI_OUT, WHEELS_OFF, WHEELS_ON, TAXI_IN, CRS_ARR_TIME, ARR_TIME, ARR_DELAY, CANCELLED, CANCELLATION_CODE, DIVERTED, CRS_ELAPSED_TIME, ELAPSED_TIME, AIR_TIME, DISTANCE, DELAY_DUE_CARRIER, DELAY_DUE_WEATHER, DELAY_DUE_NAS, DELAY_DUE_SECURITY, DELAY_DUE_LATE_AIRCRAFT
Line 27872: Skipped - Missing scheduled departure or arrival time
Line 139116: Skipped - Missing scheduled departure or arrival time
Line 212813: Skipped - Missing scheduled departure or arrival time
Line 242628: Skipped - Missing scheduled departure or arrival time
Line 350664: Skipped - Missing scheduled departure or arrival time
Line 675422: Skipped - Missing scheduled departure or arrival time
Line 723494: Skipped - Missing scheduled departure or arrival time
Line 898843: Skipped - Missing scheduled departure or arrival time
Line 930558: Skipped - Missing scheduled departure or arrival time
Line 1035231: Skipped - Missing scheduled departure or arrival time
Line 1309664: Skipped - Missing scheduled departure or arrival time
Line 2054186: Skipped - Missing scheduled departure or arrival time
Line 2443956: Skipped - Missing scheduled departure or arrival time
Line 2450975: Skipped - Missing scheduled departure or arrival time

----------------------------------------
Import completed at 2025-04-20T19:28:07.186177
Total rows in file: 3000000
Attempted rows: 3000000
Processed rows: 2999986
Skipped rows: 14
Cancelled flights: 79140
Diverted flights: 7056
Success rate: 100.00%

Skip reasons:
  Missing scheduled times: 14

Unique airlines: 18
Unique airports: 380
